[0.051s] DEBUG:colcon:Command line arguments: ['/usr/bin/colcon', 'build']
[0.051s] DEBUG:colcon:Parsed command line arguments: Namespace(log_base=None, log_level=None, verb_name='build', build_base='build', install_base='install', merge_install=False, symlink_install=False, test_result_base=None, continue_on_error=False, executor='parallel', parallel_workers=24, event_handlers=None, ignore_user_meta=False, metas=['./colcon.meta'], base_paths=['.'], packages_ignore=None, packages_ignore_regex=None, paths=None, packages_up_to=None, packages_up_to_regex=None, packages_above=None, packages_above_and_dependencies=None, packages_above_depth=None, packages_select_by_dep=None, packages_skip_by_dep=None, packages_skip_up_to=None, packages_select_build_failed=False, packages_skip_build_finished=False, packages_select_test_failures=False, packages_skip_test_passed=False, packages_select=None, packages_skip=None, packages_select_regex=None, packages_skip_regex=None, packages_start=None, packages_end=None, allow_overriding=[], cmake_args=None, cmake_target=None, cmake_target_skip_unavailable=False, cmake_clean_cache=False, cmake_clean_first=False, cmake_force_configure=False, ament_cmake_args=None, catkin_cmake_args=None, catkin_skip_building_tests=False, mixin_files=None, mixin=None, verb_parser=<colcon_mixin.mixin.mixin_argument.MixinArgumentDecorator object at 0x7c0f1e643e80>, verb_extension=<colcon_core.verb.build.BuildVerb object at 0x7c0f1e7885e0>, main=<bound method BuildVerb.main of <colcon_core.verb.build.BuildVerb object at 0x7c0f1e7885e0>>, mixin_verb=('build',))
[0.134s] Level 1:colcon.colcon_core.package_discovery:discover_packages(colcon_meta) check parameters
[0.134s] Level 1:colcon.colcon_core.package_discovery:discover_packages(recursive) check parameters
[0.134s] Level 1:colcon.colcon_core.package_discovery:discover_packages(ignore) check parameters
[0.134s] Level 1:colcon.colcon_core.package_discovery:discover_packages(path) check parameters
[0.134s] Level 1:colcon.colcon_core.package_discovery:discover_packages(colcon_meta) discover
[0.134s] Level 1:colcon.colcon_core.package_discovery:discover_packages(recursive) discover
[0.134s] INFO:colcon.colcon_core.package_discovery:Crawling recursively for packages in '/home/armlab/Documents/soft_manipulation'
[0.134s] Level 1:colcon.colcon_core.package_identification:_identify(.) by extensions ['ignore', 'ignore_ament_install']
[0.134s] Level 1:colcon.colcon_core.package_identification:_identify(.) by extension 'ignore'
[0.134s] Level 1:colcon.colcon_core.package_identification:_identify(.) by extension 'ignore_ament_install'
[0.134s] Level 1:colcon.colcon_core.package_identification:_identify(.) by extensions ['colcon_pkg']
[0.134s] Level 1:colcon.colcon_core.package_identification:_identify(.) by extension 'colcon_pkg'
[0.134s] Level 1:colcon.colcon_core.package_identification:_identify(.) by extensions ['colcon_meta']
[0.134s] Level 1:colcon.colcon_core.package_identification:_identify(.) by extension 'colcon_meta'
[0.134s] Level 1:colcon.colcon_core.package_identification:_identify(.) by extensions ['ros']
[0.134s] Level 1:colcon.colcon_core.package_identification:_identify(.) by extension 'ros'
[0.139s] Level 1:colcon.colcon_core.package_identification:_identify(.) by extensions ['cmake', 'python']
[0.139s] Level 1:colcon.colcon_core.package_identification:_identify(.) by extension 'cmake'
[0.139s] Level 1:colcon.colcon_core.package_identification:_identify(.) by extension 'python'
[0.139s] Level 1:colcon.colcon_core.package_identification:_identify(.) by extensions ['python_setup_py']
[0.139s] Level 1:colcon.colcon_core.package_identification:_identify(.) by extension 'python_setup_py'
[0.140s] Level 1:colcon.colcon_core.package_identification:_identify(bag_files) by extensions ['ignore', 'ignore_ament_install']
[0.140s] Level 1:colcon.colcon_core.package_identification:_identify(bag_files) by extension 'ignore'
[0.140s] Level 1:colcon.colcon_core.package_identification:_identify(bag_files) by extension 'ignore_ament_install'
[0.140s] Level 1:colcon.colcon_core.package_identification:_identify(bag_files) by extensions ['colcon_pkg']
[0.140s] Level 1:colcon.colcon_core.package_identification:_identify(bag_files) by extension 'colcon_pkg'
[0.140s] Level 1:colcon.colcon_core.package_identification:_identify(bag_files) by extensions ['colcon_meta']
[0.140s] Level 1:colcon.colcon_core.package_identification:_identify(bag_files) by extension 'colcon_meta'
[0.140s] Level 1:colcon.colcon_core.package_identification:_identify(bag_files) by extensions ['ros']
[0.140s] Level 1:colcon.colcon_core.package_identification:_identify(bag_files) by extension 'ros'
[0.140s] Level 1:colcon.colcon_core.package_identification:_identify(bag_files) by extensions ['cmake', 'python']
[0.140s] Level 1:colcon.colcon_core.package_identification:_identify(bag_files) by extension 'cmake'
[0.140s] Level 1:colcon.colcon_core.package_identification:_identify(bag_files) by extension 'python'
[0.140s] Level 1:colcon.colcon_core.package_identification:_identify(bag_files) by extensions ['python_setup_py']
[0.140s] Level 1:colcon.colcon_core.package_identification:_identify(bag_files) by extension 'python_setup_py'
[0.140s] Level 1:colcon.colcon_core.package_identification:_identify(build) by extensions ['ignore', 'ignore_ament_install']
[0.140s] Level 1:colcon.colcon_core.package_identification:_identify(build) by extension 'ignore'
[0.140s] Level 1:colcon.colcon_core.package_identification:_identify(build) ignored
[0.140s] Level 1:colcon.colcon_core.package_identification:_identify(install) by extensions ['ignore', 'ignore_ament_install']
[0.140s] Level 1:colcon.colcon_core.package_identification:_identify(install) by extension 'ignore'
[0.140s] Level 1:colcon.colcon_core.package_identification:_identify(install) ignored
[0.140s] Level 1:colcon.colcon_core.package_identification:_identify(log) by extensions ['ignore', 'ignore_ament_install']
[0.140s] Level 1:colcon.colcon_core.package_identification:_identify(log) by extension 'ignore'
[0.140s] Level 1:colcon.colcon_core.package_identification:_identify(log) ignored
[0.140s] Level 1:colcon.colcon_core.package_identification:_identify(output_videos) by extensions ['ignore', 'ignore_ament_install']
[0.140s] Level 1:colcon.colcon_core.package_identification:_identify(output_videos) by extension 'ignore'
[0.140s] Level 1:colcon.colcon_core.package_identification:_identify(output_videos) by extension 'ignore_ament_install'
[0.140s] Level 1:colcon.colcon_core.package_identification:_identify(output_videos) by extensions ['colcon_pkg']
[0.140s] Level 1:colcon.colcon_core.package_identification:_identify(output_videos) by extension 'colcon_pkg'
[0.140s] Level 1:colcon.colcon_core.package_identification:_identify(output_videos) by extensions ['colcon_meta']
[0.140s] Level 1:colcon.colcon_core.package_identification:_identify(output_videos) by extension 'colcon_meta'
[0.140s] Level 1:colcon.colcon_core.package_identification:_identify(output_videos) by extensions ['ros']
[0.140s] Level 1:colcon.colcon_core.package_identification:_identify(output_videos) by extension 'ros'
[0.140s] Level 1:colcon.colcon_core.package_identification:_identify(output_videos) by extensions ['cmake', 'python']
[0.140s] Level 1:colcon.colcon_core.package_identification:_identify(output_videos) by extension 'cmake'
[0.140s] Level 1:colcon.colcon_core.package_identification:_identify(output_videos) by extension 'python'
[0.140s] Level 1:colcon.colcon_core.package_identification:_identify(output_videos) by extensions ['python_setup_py']
[0.140s] Level 1:colcon.colcon_core.package_identification:_identify(output_videos) by extension 'python_setup_py'
[0.140s] Level 1:colcon.colcon_core.package_identification:_identify(rosbag2_2024_05_22-23_52_25) by extensions ['ignore', 'ignore_ament_install']
[0.140s] Level 1:colcon.colcon_core.package_identification:_identify(rosbag2_2024_05_22-23_52_25) by extension 'ignore'
[0.140s] Level 1:colcon.colcon_core.package_identification:_identify(rosbag2_2024_05_22-23_52_25) by extension 'ignore_ament_install'
[0.141s] Level 1:colcon.colcon_core.package_identification:_identify(rosbag2_2024_05_22-23_52_25) by extensions ['colcon_pkg']
[0.141s] Level 1:colcon.colcon_core.package_identification:_identify(rosbag2_2024_05_22-23_52_25) by extension 'colcon_pkg'
[0.141s] Level 1:colcon.colcon_core.package_identification:_identify(rosbag2_2024_05_22-23_52_25) by extensions ['colcon_meta']
[0.141s] Level 1:colcon.colcon_core.package_identification:_identify(rosbag2_2024_05_22-23_52_25) by extension 'colcon_meta'
[0.141s] Level 1:colcon.colcon_core.package_identification:_identify(rosbag2_2024_05_22-23_52_25) by extensions ['ros']
[0.141s] Level 1:colcon.colcon_core.package_identification:_identify(rosbag2_2024_05_22-23_52_25) by extension 'ros'
[0.141s] Level 1:colcon.colcon_core.package_identification:_identify(rosbag2_2024_05_22-23_52_25) by extensions ['cmake', 'python']
[0.141s] Level 1:colcon.colcon_core.package_identification:_identify(rosbag2_2024_05_22-23_52_25) by extension 'cmake'
[0.141s] Level 1:colcon.colcon_core.package_identification:_identify(rosbag2_2024_05_22-23_52_25) by extension 'python'
[0.141s] Level 1:colcon.colcon_core.package_identification:_identify(rosbag2_2024_05_22-23_52_25) by extensions ['python_setup_py']
[0.141s] Level 1:colcon.colcon_core.package_identification:_identify(rosbag2_2024_05_22-23_52_25) by extension 'python_setup_py'
[0.141s] Level 1:colcon.colcon_core.package_identification:_identify(rosbag2_2024_05_22-23_53_10) by extensions ['ignore', 'ignore_ament_install']
[0.141s] Level 1:colcon.colcon_core.package_identification:_identify(rosbag2_2024_05_22-23_53_10) by extension 'ignore'
[0.141s] Level 1:colcon.colcon_core.package_identification:_identify(rosbag2_2024_05_22-23_53_10) by extension 'ignore_ament_install'
[0.141s] Level 1:colcon.colcon_core.package_identification:_identify(rosbag2_2024_05_22-23_53_10) by extensions ['colcon_pkg']
[0.141s] Level 1:colcon.colcon_core.package_identification:_identify(rosbag2_2024_05_22-23_53_10) by extension 'colcon_pkg'
[0.141s] Level 1:colcon.colcon_core.package_identification:_identify(rosbag2_2024_05_22-23_53_10) by extensions ['colcon_meta']
[0.141s] Level 1:colcon.colcon_core.package_identification:_identify(rosbag2_2024_05_22-23_53_10) by extension 'colcon_meta'
[0.141s] Level 1:colcon.colcon_core.package_identification:_identify(rosbag2_2024_05_22-23_53_10) by extensions ['ros']
[0.141s] Level 1:colcon.colcon_core.package_identification:_identify(rosbag2_2024_05_22-23_53_10) by extension 'ros'
[0.141s] Level 1:colcon.colcon_core.package_identification:_identify(rosbag2_2024_05_22-23_53_10) by extensions ['cmake', 'python']
[0.141s] Level 1:colcon.colcon_core.package_identification:_identify(rosbag2_2024_05_22-23_53_10) by extension 'cmake'
[0.141s] Level 1:colcon.colcon_core.package_identification:_identify(rosbag2_2024_05_22-23_53_10) by extension 'python'
[0.141s] Level 1:colcon.colcon_core.package_identification:_identify(rosbag2_2024_05_22-23_53_10) by extensions ['python_setup_py']
[0.141s] Level 1:colcon.colcon_core.package_identification:_identify(rosbag2_2024_05_22-23_53_10) by extension 'python_setup_py'
[0.141s] Level 1:colcon.colcon_core.package_identification:_identify(rosbag2_2024_05_22-23_56_08) by extensions ['ignore', 'ignore_ament_install']
[0.141s] Level 1:colcon.colcon_core.package_identification:_identify(rosbag2_2024_05_22-23_56_08) by extension 'ignore'
[0.141s] Level 1:colcon.colcon_core.package_identification:_identify(rosbag2_2024_05_22-23_56_08) by extension 'ignore_ament_install'
[0.141s] Level 1:colcon.colcon_core.package_identification:_identify(rosbag2_2024_05_22-23_56_08) by extensions ['colcon_pkg']
[0.141s] Level 1:colcon.colcon_core.package_identification:_identify(rosbag2_2024_05_22-23_56_08) by extension 'colcon_pkg'
[0.141s] Level 1:colcon.colcon_core.package_identification:_identify(rosbag2_2024_05_22-23_56_08) by extensions ['colcon_meta']
[0.141s] Level 1:colcon.colcon_core.package_identification:_identify(rosbag2_2024_05_22-23_56_08) by extension 'colcon_meta'
[0.141s] Level 1:colcon.colcon_core.package_identification:_identify(rosbag2_2024_05_22-23_56_08) by extensions ['ros']
[0.141s] Level 1:colcon.colcon_core.package_identification:_identify(rosbag2_2024_05_22-23_56_08) by extension 'ros'
[0.141s] Level 1:colcon.colcon_core.package_identification:_identify(rosbag2_2024_05_22-23_56_08) by extensions ['cmake', 'python']
[0.141s] Level 1:colcon.colcon_core.package_identification:_identify(rosbag2_2024_05_22-23_56_08) by extension 'cmake'
[0.141s] Level 1:colcon.colcon_core.package_identification:_identify(rosbag2_2024_05_22-23_56_08) by extension 'python'
[0.141s] Level 1:colcon.colcon_core.package_identification:_identify(rosbag2_2024_05_22-23_56_08) by extensions ['python_setup_py']
[0.141s] Level 1:colcon.colcon_core.package_identification:_identify(rosbag2_2024_05_22-23_56_08) by extension 'python_setup_py'
[0.141s] Level 1:colcon.colcon_core.package_identification:_identify(rosbag2_2024_05_22-23_56_35) by extensions ['ignore', 'ignore_ament_install']
[0.141s] Level 1:colcon.colcon_core.package_identification:_identify(rosbag2_2024_05_22-23_56_35) by extension 'ignore'
[0.141s] Level 1:colcon.colcon_core.package_identification:_identify(rosbag2_2024_05_22-23_56_35) by extension 'ignore_ament_install'
[0.141s] Level 1:colcon.colcon_core.package_identification:_identify(rosbag2_2024_05_22-23_56_35) by extensions ['colcon_pkg']
[0.141s] Level 1:colcon.colcon_core.package_identification:_identify(rosbag2_2024_05_22-23_56_35) by extension 'colcon_pkg'
[0.141s] Level 1:colcon.colcon_core.package_identification:_identify(rosbag2_2024_05_22-23_56_35) by extensions ['colcon_meta']
[0.141s] Level 1:colcon.colcon_core.package_identification:_identify(rosbag2_2024_05_22-23_56_35) by extension 'colcon_meta'
[0.141s] Level 1:colcon.colcon_core.package_identification:_identify(rosbag2_2024_05_22-23_56_35) by extensions ['ros']
[0.141s] Level 1:colcon.colcon_core.package_identification:_identify(rosbag2_2024_05_22-23_56_35) by extension 'ros'
[0.141s] Level 1:colcon.colcon_core.package_identification:_identify(rosbag2_2024_05_22-23_56_35) by extensions ['cmake', 'python']
[0.141s] Level 1:colcon.colcon_core.package_identification:_identify(rosbag2_2024_05_22-23_56_35) by extension 'cmake'
[0.141s] Level 1:colcon.colcon_core.package_identification:_identify(rosbag2_2024_05_22-23_56_35) by extension 'python'
[0.141s] Level 1:colcon.colcon_core.package_identification:_identify(rosbag2_2024_05_22-23_56_35) by extensions ['python_setup_py']
[0.141s] Level 1:colcon.colcon_core.package_identification:_identify(rosbag2_2024_05_22-23_56_35) by extension 'python_setup_py'
[0.141s] Level 1:colcon.colcon_core.package_identification:_identify(rosbag2_2024_05_22-23_57_20) by extensions ['ignore', 'ignore_ament_install']
[0.141s] Level 1:colcon.colcon_core.package_identification:_identify(rosbag2_2024_05_22-23_57_20) by extension 'ignore'
[0.141s] Level 1:colcon.colcon_core.package_identification:_identify(rosbag2_2024_05_22-23_57_20) by extension 'ignore_ament_install'
[0.142s] Level 1:colcon.colcon_core.package_identification:_identify(rosbag2_2024_05_22-23_57_20) by extensions ['colcon_pkg']
[0.142s] Level 1:colcon.colcon_core.package_identification:_identify(rosbag2_2024_05_22-23_57_20) by extension 'colcon_pkg'
[0.142s] Level 1:colcon.colcon_core.package_identification:_identify(rosbag2_2024_05_22-23_57_20) by extensions ['colcon_meta']
[0.142s] Level 1:colcon.colcon_core.package_identification:_identify(rosbag2_2024_05_22-23_57_20) by extension 'colcon_meta'
[0.142s] Level 1:colcon.colcon_core.package_identification:_identify(rosbag2_2024_05_22-23_57_20) by extensions ['ros']
[0.142s] Level 1:colcon.colcon_core.package_identification:_identify(rosbag2_2024_05_22-23_57_20) by extension 'ros'
[0.142s] Level 1:colcon.colcon_core.package_identification:_identify(rosbag2_2024_05_22-23_57_20) by extensions ['cmake', 'python']
[0.142s] Level 1:colcon.colcon_core.package_identification:_identify(rosbag2_2024_05_22-23_57_20) by extension 'cmake'
[0.142s] Level 1:colcon.colcon_core.package_identification:_identify(rosbag2_2024_05_22-23_57_20) by extension 'python'
[0.142s] Level 1:colcon.colcon_core.package_identification:_identify(rosbag2_2024_05_22-23_57_20) by extensions ['python_setup_py']
[0.142s] Level 1:colcon.colcon_core.package_identification:_identify(rosbag2_2024_05_22-23_57_20) by extension 'python_setup_py'
[0.142s] Level 1:colcon.colcon_core.package_identification:_identify(rosbag2_2024_05_23-00_03_12) by extensions ['ignore', 'ignore_ament_install']
[0.142s] Level 1:colcon.colcon_core.package_identification:_identify(rosbag2_2024_05_23-00_03_12) by extension 'ignore'
[0.142s] Level 1:colcon.colcon_core.package_identification:_identify(rosbag2_2024_05_23-00_03_12) by extension 'ignore_ament_install'
[0.142s] Level 1:colcon.colcon_core.package_identification:_identify(rosbag2_2024_05_23-00_03_12) by extensions ['colcon_pkg']
[0.142s] Level 1:colcon.colcon_core.package_identification:_identify(rosbag2_2024_05_23-00_03_12) by extension 'colcon_pkg'
[0.142s] Level 1:colcon.colcon_core.package_identification:_identify(rosbag2_2024_05_23-00_03_12) by extensions ['colcon_meta']
[0.142s] Level 1:colcon.colcon_core.package_identification:_identify(rosbag2_2024_05_23-00_03_12) by extension 'colcon_meta'
[0.142s] Level 1:colcon.colcon_core.package_identification:_identify(rosbag2_2024_05_23-00_03_12) by extensions ['ros']
[0.142s] Level 1:colcon.colcon_core.package_identification:_identify(rosbag2_2024_05_23-00_03_12) by extension 'ros'
[0.142s] Level 1:colcon.colcon_core.package_identification:_identify(rosbag2_2024_05_23-00_03_12) by extensions ['cmake', 'python']
[0.142s] Level 1:colcon.colcon_core.package_identification:_identify(rosbag2_2024_05_23-00_03_12) by extension 'cmake'
[0.142s] Level 1:colcon.colcon_core.package_identification:_identify(rosbag2_2024_05_23-00_03_12) by extension 'python'
[0.142s] Level 1:colcon.colcon_core.package_identification:_identify(rosbag2_2024_05_23-00_03_12) by extensions ['python_setup_py']
[0.142s] Level 1:colcon.colcon_core.package_identification:_identify(rosbag2_2024_05_23-00_03_12) by extension 'python_setup_py'
[0.142s] Level 1:colcon.colcon_core.package_identification:_identify(src) by extensions ['ignore', 'ignore_ament_install']
[0.142s] Level 1:colcon.colcon_core.package_identification:_identify(src) by extension 'ignore'
[0.142s] Level 1:colcon.colcon_core.package_identification:_identify(src) by extension 'ignore_ament_install'
[0.142s] Level 1:colcon.colcon_core.package_identification:_identify(src) by extensions ['colcon_pkg']
[0.142s] Level 1:colcon.colcon_core.package_identification:_identify(src) by extension 'colcon_pkg'
[0.142s] Level 1:colcon.colcon_core.package_identification:_identify(src) by extensions ['colcon_meta']
[0.142s] Level 1:colcon.colcon_core.package_identification:_identify(src) by extension 'colcon_meta'
[0.142s] Level 1:colcon.colcon_core.package_identification:_identify(src) by extensions ['ros']
[0.142s] Level 1:colcon.colcon_core.package_identification:_identify(src) by extension 'ros'
[0.142s] Level 1:colcon.colcon_core.package_identification:_identify(src) by extensions ['cmake', 'python']
[0.142s] Level 1:colcon.colcon_core.package_identification:_identify(src) by extension 'cmake'
[0.142s] Level 1:colcon.colcon_core.package_identification:_identify(src) by extension 'python'
[0.142s] Level 1:colcon.colcon_core.package_identification:_identify(src) by extensions ['python_setup_py']
[0.142s] Level 1:colcon.colcon_core.package_identification:_identify(src) by extension 'python_setup_py'
[0.142s] Level 1:colcon.colcon_core.package_identification:_identify(src/dynamixel_fingers) by extensions ['ignore', 'ignore_ament_install']
[0.142s] Level 1:colcon.colcon_core.package_identification:_identify(src/dynamixel_fingers) by extension 'ignore'
[0.142s] Level 1:colcon.colcon_core.package_identification:_identify(src/dynamixel_fingers) by extension 'ignore_ament_install'
[0.142s] Level 1:colcon.colcon_core.package_identification:_identify(src/dynamixel_fingers) by extensions ['colcon_pkg']
[0.142s] Level 1:colcon.colcon_core.package_identification:_identify(src/dynamixel_fingers) by extension 'colcon_pkg'
[0.142s] Level 1:colcon.colcon_core.package_identification:_identify(src/dynamixel_fingers) by extensions ['colcon_meta']
[0.142s] Level 1:colcon.colcon_core.package_identification:_identify(src/dynamixel_fingers) by extension 'colcon_meta'
[0.142s] Level 1:colcon.colcon_core.package_identification:_identify(src/dynamixel_fingers) by extensions ['ros']
[0.142s] Level 1:colcon.colcon_core.package_identification:_identify(src/dynamixel_fingers) by extension 'ros'
[0.144s] DEBUG:colcon.colcon_core.package_identification:Package 'src/dynamixel_fingers' with type 'ros.ament_python' and name 'dynamixel_fingers'
[0.144s] Level 1:colcon.colcon_core.package_identification:_identify(src/soft_object_manip_locobot) by extensions ['ignore', 'ignore_ament_install']
[0.144s] Level 1:colcon.colcon_core.package_identification:_identify(src/soft_object_manip_locobot) by extension 'ignore'
[0.144s] Level 1:colcon.colcon_core.package_identification:_identify(src/soft_object_manip_locobot) by extension 'ignore_ament_install'
[0.144s] Level 1:colcon.colcon_core.package_identification:_identify(src/soft_object_manip_locobot) by extensions ['colcon_pkg']
[0.144s] Level 1:colcon.colcon_core.package_identification:_identify(src/soft_object_manip_locobot) by extension 'colcon_pkg'
[0.144s] Level 1:colcon.colcon_core.package_identification:_identify(src/soft_object_manip_locobot) by extensions ['colcon_meta']
[0.144s] Level 1:colcon.colcon_core.package_identification:_identify(src/soft_object_manip_locobot) by extension 'colcon_meta'
[0.144s] Level 1:colcon.colcon_core.package_identification:_identify(src/soft_object_manip_locobot) by extensions ['ros']
[0.144s] Level 1:colcon.colcon_core.package_identification:_identify(src/soft_object_manip_locobot) by extension 'ros'
[0.144s] Level 1:colcon.colcon_core.package_identification:_identify(src/soft_object_manip_locobot) by extensions ['cmake', 'python']
[0.144s] Level 1:colcon.colcon_core.package_identification:_identify(src/soft_object_manip_locobot) by extension 'cmake'
[0.144s] Level 1:colcon.colcon_core.package_identification:_identify(src/soft_object_manip_locobot) by extension 'python'
[0.144s] Level 1:colcon.colcon_core.package_identification:_identify(src/soft_object_manip_locobot) by extensions ['python_setup_py']
[0.144s] Level 1:colcon.colcon_core.package_identification:_identify(src/soft_object_manip_locobot) by extension 'python_setup_py'
[0.144s] Level 1:colcon.colcon_core.package_identification:_identify(src/soft_object_manip_locobot/dynamixel_finger) by extensions ['ignore', 'ignore_ament_install']
[0.144s] Level 1:colcon.colcon_core.package_identification:_identify(src/soft_object_manip_locobot/dynamixel_finger) by extension 'ignore'
[0.144s] Level 1:colcon.colcon_core.package_identification:_identify(src/soft_object_manip_locobot/dynamixel_finger) by extension 'ignore_ament_install'
[0.144s] Level 1:colcon.colcon_core.package_identification:_identify(src/soft_object_manip_locobot/dynamixel_finger) by extensions ['colcon_pkg']
[0.144s] Level 1:colcon.colcon_core.package_identification:_identify(src/soft_object_manip_locobot/dynamixel_finger) by extension 'colcon_pkg'
[0.144s] Level 1:colcon.colcon_core.package_identification:_identify(src/soft_object_manip_locobot/dynamixel_finger) by extensions ['colcon_meta']
[0.144s] Level 1:colcon.colcon_core.package_identification:_identify(src/soft_object_manip_locobot/dynamixel_finger) by extension 'colcon_meta'
[0.144s] Level 1:colcon.colcon_core.package_identification:_identify(src/soft_object_manip_locobot/dynamixel_finger) by extensions ['ros']
[0.144s] Level 1:colcon.colcon_core.package_identification:_identify(src/soft_object_manip_locobot/dynamixel_finger) by extension 'ros'
[0.144s] Level 1:colcon.colcon_core.package_identification:_identify(src/soft_object_manip_locobot/dynamixel_finger) by extensions ['cmake', 'python']
[0.144s] Level 1:colcon.colcon_core.package_identification:_identify(src/soft_object_manip_locobot/dynamixel_finger) by extension 'cmake'
[0.144s] Level 1:colcon.colcon_core.package_identification:_identify(src/soft_object_manip_locobot/dynamixel_finger) by extension 'python'
[0.145s] Level 1:colcon.colcon_core.package_identification:_identify(src/soft_object_manip_locobot/dynamixel_finger) by extensions ['python_setup_py']
[0.145s] Level 1:colcon.colcon_core.package_identification:_identify(src/soft_object_manip_locobot/dynamixel_finger) by extension 'python_setup_py'
[0.145s] Level 1:colcon.colcon_core.package_identification:_identify(src/soft_object_manip_locobot/dynamixel_finger/__pycache__) by extensions ['ignore', 'ignore_ament_install']
[0.145s] Level 1:colcon.colcon_core.package_identification:_identify(src/soft_object_manip_locobot/dynamixel_finger/__pycache__) by extension 'ignore'
[0.145s] Level 1:colcon.colcon_core.package_identification:_identify(src/soft_object_manip_locobot/dynamixel_finger/__pycache__) by extension 'ignore_ament_install'
[0.145s] Level 1:colcon.colcon_core.package_identification:_identify(src/soft_object_manip_locobot/dynamixel_finger/__pycache__) by extensions ['colcon_pkg']
[0.145s] Level 1:colcon.colcon_core.package_identification:_identify(src/soft_object_manip_locobot/dynamixel_finger/__pycache__) by extension 'colcon_pkg'
[0.145s] Level 1:colcon.colcon_core.package_identification:_identify(src/soft_object_manip_locobot/dynamixel_finger/__pycache__) by extensions ['colcon_meta']
[0.145s] Level 1:colcon.colcon_core.package_identification:_identify(src/soft_object_manip_locobot/dynamixel_finger/__pycache__) by extension 'colcon_meta'
[0.145s] Level 1:colcon.colcon_core.package_identification:_identify(src/soft_object_manip_locobot/dynamixel_finger/__pycache__) by extensions ['ros']
[0.145s] Level 1:colcon.colcon_core.package_identification:_identify(src/soft_object_manip_locobot/dynamixel_finger/__pycache__) by extension 'ros'
[0.145s] Level 1:colcon.colcon_core.package_identification:_identify(src/soft_object_manip_locobot/dynamixel_finger/__pycache__) by extensions ['cmake', 'python']
[0.145s] Level 1:colcon.colcon_core.package_identification:_identify(src/soft_object_manip_locobot/dynamixel_finger/__pycache__) by extension 'cmake'
[0.145s] Level 1:colcon.colcon_core.package_identification:_identify(src/soft_object_manip_locobot/dynamixel_finger/__pycache__) by extension 'python'
[0.145s] Level 1:colcon.colcon_core.package_identification:_identify(src/soft_object_manip_locobot/dynamixel_finger/__pycache__) by extensions ['python_setup_py']
[0.145s] Level 1:colcon.colcon_core.package_identification:_identify(src/soft_object_manip_locobot/dynamixel_finger/__pycache__) by extension 'python_setup_py'
[0.145s] Level 1:colcon.colcon_core.package_identification:_identify(src/vtnf_camera) by extensions ['ignore', 'ignore_ament_install']
[0.145s] Level 1:colcon.colcon_core.package_identification:_identify(src/vtnf_camera) by extension 'ignore'
[0.145s] Level 1:colcon.colcon_core.package_identification:_identify(src/vtnf_camera) by extension 'ignore_ament_install'
[0.145s] Level 1:colcon.colcon_core.package_identification:_identify(src/vtnf_camera) by extensions ['colcon_pkg']
[0.145s] Level 1:colcon.colcon_core.package_identification:_identify(src/vtnf_camera) by extension 'colcon_pkg'
[0.145s] Level 1:colcon.colcon_core.package_identification:_identify(src/vtnf_camera) by extensions ['colcon_meta']
[0.145s] Level 1:colcon.colcon_core.package_identification:_identify(src/vtnf_camera) by extension 'colcon_meta'
[0.145s] Level 1:colcon.colcon_core.package_identification:_identify(src/vtnf_camera) by extensions ['ros']
[0.145s] Level 1:colcon.colcon_core.package_identification:_identify(src/vtnf_camera) by extension 'ros'
[0.145s] DEBUG:colcon.colcon_core.package_identification:Package 'src/vtnf_camera' with type 'ros.ament_python' and name 'vtnf_camera'
[0.145s] Level 1:colcon.colcon_core.package_discovery:discover_packages(recursive) using defaults
[0.145s] Level 1:colcon.colcon_core.package_discovery:discover_packages(ignore) discover
[0.145s] Level 1:colcon.colcon_core.package_discovery:discover_packages(ignore) using defaults
[0.145s] Level 1:colcon.colcon_core.package_discovery:discover_packages(path) discover
[0.145s] Level 1:colcon.colcon_core.package_discovery:discover_packages(path) using defaults
[0.159s] Level 1:colcon.colcon_core.package_discovery:discover_packages(prefix_path) check parameters
[0.159s] Level 1:colcon.colcon_core.package_discovery:discover_packages(prefix_path) discover
[0.161s] DEBUG:colcon.colcon_installed_package_information.package_discovery:Found 2 installed packages in /home/armlab/Documents/soft_manipulation/install
[0.161s] DEBUG:colcon.colcon_installed_package_information.package_discovery:Found 7 installed packages in /home/armlab/leaphand_ws/install
[0.161s] DEBUG:colcon.colcon_installed_package_information.package_discovery:Found 48 installed packages in /home/armlab/moveit_ws/install
[0.162s] DEBUG:colcon.colcon_installed_package_information.package_discovery:Found 1 installed packages in /home/armlab/ros1_bridge_builder/ros-humble-ros1-bridge/install
[0.162s] DEBUG:colcon.colcon_installed_package_information.package_discovery:Found 390 installed packages in /opt/ros/iron
[0.164s] Level 1:colcon.colcon_core.package_discovery:discover_packages(prefix_path) using defaults
[0.195s] Level 5:colcon.colcon_core.verb:set package 'dynamixel_fingers' build argument 'cmake_args' from command line to 'None'
[0.195s] Level 5:colcon.colcon_core.verb:set package 'dynamixel_fingers' build argument 'cmake_target' from command line to 'None'
[0.195s] Level 5:colcon.colcon_core.verb:set package 'dynamixel_fingers' build argument 'cmake_target_skip_unavailable' from command line to 'False'
[0.195s] Level 5:colcon.colcon_core.verb:set package 'dynamixel_fingers' build argument 'cmake_clean_cache' from command line to 'False'
[0.195s] Level 5:colcon.colcon_core.verb:set package 'dynamixel_fingers' build argument 'cmake_clean_first' from command line to 'False'
[0.195s] Level 5:colcon.colcon_core.verb:set package 'dynamixel_fingers' build argument 'cmake_force_configure' from command line to 'False'
[0.195s] Level 5:colcon.colcon_core.verb:set package 'dynamixel_fingers' build argument 'ament_cmake_args' from command line to 'None'
[0.195s] Level 5:colcon.colcon_core.verb:set package 'dynamixel_fingers' build argument 'catkin_cmake_args' from command line to 'None'
[0.195s] Level 5:colcon.colcon_core.verb:set package 'dynamixel_fingers' build argument 'catkin_skip_building_tests' from command line to 'False'
[0.195s] DEBUG:colcon.colcon_core.verb:Building package 'dynamixel_fingers' with the following arguments: {'ament_cmake_args': None, 'build_base': '/home/armlab/Documents/soft_manipulation/build/dynamixel_fingers', 'catkin_cmake_args': None, 'catkin_skip_building_tests': False, 'cmake_args': None, 'cmake_clean_cache': False, 'cmake_clean_first': False, 'cmake_force_configure': False, 'cmake_target': None, 'cmake_target_skip_unavailable': False, 'install_base': '/home/armlab/Documents/soft_manipulation/install/dynamixel_fingers', 'merge_install': False, 'path': '/home/armlab/Documents/soft_manipulation/src/dynamixel_fingers', 'symlink_install': False, 'test_result_base': None}
[0.195s] Level 5:colcon.colcon_core.verb:set package 'vtnf_camera' build argument 'cmake_args' from command line to 'None'
[0.195s] Level 5:colcon.colcon_core.verb:set package 'vtnf_camera' build argument 'cmake_target' from command line to 'None'
[0.195s] Level 5:colcon.colcon_core.verb:set package 'vtnf_camera' build argument 'cmake_target_skip_unavailable' from command line to 'False'
[0.195s] Level 5:colcon.colcon_core.verb:set package 'vtnf_camera' build argument 'cmake_clean_cache' from command line to 'False'
[0.195s] Level 5:colcon.colcon_core.verb:set package 'vtnf_camera' build argument 'cmake_clean_first' from command line to 'False'
[0.195s] Level 5:colcon.colcon_core.verb:set package 'vtnf_camera' build argument 'cmake_force_configure' from command line to 'False'
[0.195s] Level 5:colcon.colcon_core.verb:set package 'vtnf_camera' build argument 'ament_cmake_args' from command line to 'None'
[0.195s] Level 5:colcon.colcon_core.verb:set package 'vtnf_camera' build argument 'catkin_cmake_args' from command line to 'None'
[0.195s] Level 5:colcon.colcon_core.verb:set package 'vtnf_camera' build argument 'catkin_skip_building_tests' from command line to 'False'
[0.195s] DEBUG:colcon.colcon_core.verb:Building package 'vtnf_camera' with the following arguments: {'ament_cmake_args': None, 'build_base': '/home/armlab/Documents/soft_manipulation/build/vtnf_camera', 'catkin_cmake_args': None, 'catkin_skip_building_tests': False, 'cmake_args': None, 'cmake_clean_cache': False, 'cmake_clean_first': False, 'cmake_force_configure': False, 'cmake_target': None, 'cmake_target_skip_unavailable': False, 'install_base': '/home/armlab/Documents/soft_manipulation/install/vtnf_camera', 'merge_install': False, 'path': '/home/armlab/Documents/soft_manipulation/src/vtnf_camera', 'symlink_install': False, 'test_result_base': None}
[0.195s] INFO:colcon.colcon_core.executor:Executing jobs using 'parallel' executor
[0.196s] DEBUG:colcon.colcon_parallel_executor.executor.parallel:run_until_complete
[0.196s] INFO:colcon.colcon_ros.task.ament_python.build:Building ROS package in '/home/armlab/Documents/soft_manipulation/src/dynamixel_fingers' with build type 'ament_python'
[0.196s] Level 1:colcon.colcon_core.shell:create_environment_hook('dynamixel_fingers', 'ament_prefix_path')
[0.197s] INFO:colcon.colcon_core.plugin_system:Skipping extension 'colcon_core.shell.bat': Not used on non-Windows systems
[0.197s] INFO:colcon.colcon_core.shell:Creating environment hook '/home/armlab/Documents/soft_manipulation/install/dynamixel_fingers/share/dynamixel_fingers/hook/ament_prefix_path.ps1'
[0.197s] INFO:colcon.colcon_core.shell:Creating environment descriptor '/home/armlab/Documents/soft_manipulation/install/dynamixel_fingers/share/dynamixel_fingers/hook/ament_prefix_path.dsv'
[0.197s] INFO:colcon.colcon_core.shell:Creating environment hook '/home/armlab/Documents/soft_manipulation/install/dynamixel_fingers/share/dynamixel_fingers/hook/ament_prefix_path.sh'
[0.198s] INFO:colcon.colcon_core.shell:Skip shell extension 'powershell' for command environment: Not usable outside of PowerShell
[0.198s] DEBUG:colcon.colcon_core.shell:Skip shell extension 'dsv' for command environment
[0.201s] INFO:colcon.colcon_ros.task.ament_python.build:Building ROS package in '/home/armlab/Documents/soft_manipulation/src/vtnf_camera' with build type 'ament_python'
[0.201s] Level 1:colcon.colcon_core.shell:create_environment_hook('vtnf_camera', 'ament_prefix_path')
[0.201s] INFO:colcon.colcon_core.shell:Creating environment hook '/home/armlab/Documents/soft_manipulation/install/vtnf_camera/share/vtnf_camera/hook/ament_prefix_path.ps1'
[0.202s] INFO:colcon.colcon_core.shell:Creating environment descriptor '/home/armlab/Documents/soft_manipulation/install/vtnf_camera/share/vtnf_camera/hook/ament_prefix_path.dsv'
[0.202s] INFO:colcon.colcon_core.shell:Creating environment hook '/home/armlab/Documents/soft_manipulation/install/vtnf_camera/share/vtnf_camera/hook/ament_prefix_path.sh'
[0.202s] INFO:colcon.colcon_core.shell:Skip shell extension 'powershell' for command environment: Not usable outside of PowerShell
[0.202s] DEBUG:colcon.colcon_core.shell:Skip shell extension 'dsv' for command environment
[0.330s] INFO:colcon.colcon_core.task.python.build:Building Python package in '/home/armlab/Documents/soft_manipulation/src/dynamixel_fingers'
[0.331s] INFO:colcon.colcon_core.shell:Skip shell extension 'powershell' for command environment: Not usable outside of PowerShell
[0.331s] DEBUG:colcon.colcon_core.shell:Skip shell extension 'dsv' for command environment
[0.467s] INFO:colcon.colcon_core.task.python.build:Building Python package in '/home/armlab/Documents/soft_manipulation/src/vtnf_camera'
[0.467s] INFO:colcon.colcon_core.shell:Skip shell extension 'powershell' for command environment: Not usable outside of PowerShell
[0.467s] DEBUG:colcon.colcon_core.shell:Skip shell extension 'dsv' for command environment
[0.653s] DEBUG:colcon.colcon_core.event_handler.log_command:Invoking command in '/home/armlab/Documents/soft_manipulation/src/vtnf_camera': PYTHONPATH=/home/armlab/Documents/soft_manipulation/build/vtnf_camera/prefix_override:/home/armlab/Documents/soft_manipulation/install/vtnf_camera/lib/python3.10/site-packages:${PYTHONPATH} /usr/bin/python3 -W ignore:setup.py install is deprecated setup.py egg_info --egg-base ../../build/vtnf_camera build --build-base /home/armlab/Documents/soft_manipulation/build/vtnf_camera/build install --record /home/armlab/Documents/soft_manipulation/build/vtnf_camera/install.log --single-version-externally-managed install_data
[0.655s] DEBUG:colcon.colcon_core.event_handler.log_command:Invoking command in '/home/armlab/Documents/soft_manipulation/src/dynamixel_fingers': PYTHONPATH=/home/armlab/Documents/soft_manipulation/build/dynamixel_fingers/prefix_override:/home/armlab/Documents/soft_manipulation/install/dynamixel_fingers/lib/python3.10/site-packages:${PYTHONPATH} /usr/bin/python3 -W ignore:setup.py install is deprecated setup.py egg_info --egg-base ../../build/dynamixel_fingers build --build-base /home/armlab/Documents/soft_manipulation/build/dynamixel_fingers/build install --record /home/armlab/Documents/soft_manipulation/build/dynamixel_fingers/install.log --single-version-externally-managed install_data
[0.801s] DEBUG:colcon.colcon_core.event_handler.log_command:Invoked command in '/home/armlab/Documents/soft_manipulation/src/dynamixel_fingers' returned '0': PYTHONPATH=/home/armlab/Documents/soft_manipulation/build/dynamixel_fingers/prefix_override:/home/armlab/Documents/soft_manipulation/install/dynamixel_fingers/lib/python3.10/site-packages:${PYTHONPATH} /usr/bin/python3 -W ignore:setup.py install is deprecated setup.py egg_info --egg-base ../../build/dynamixel_fingers build --build-base /home/armlab/Documents/soft_manipulation/build/dynamixel_fingers/build install --record /home/armlab/Documents/soft_manipulation/build/dynamixel_fingers/install.log --single-version-externally-managed install_data
[0.802s] Level 1:colcon.colcon_core.environment:checking '/home/armlab/Documents/soft_manipulation/install/dynamixel_fingers' for CMake module files
[0.802s] Level 1:colcon.colcon_core.environment:checking '/home/armlab/Documents/soft_manipulation/install/dynamixel_fingers' for CMake config files
[0.802s] Level 1:colcon.colcon_core.environment:checking '/home/armlab/Documents/soft_manipulation/install/dynamixel_fingers/lib'
[0.803s] Level 1:colcon.colcon_core.environment:checking '/home/armlab/Documents/soft_manipulation/install/dynamixel_fingers/bin'
[0.803s] Level 1:colcon.colcon_core.environment:checking '/home/armlab/Documents/soft_manipulation/install/dynamixel_fingers/lib/pkgconfig/dynamixel_fingers.pc'
[0.803s] Level 1:colcon.colcon_core.environment:checking '/home/armlab/Documents/soft_manipulation/install/dynamixel_fingers/lib/python3.10/site-packages'
[0.803s] Level 1:colcon.colcon_core.shell:create_environment_hook('dynamixel_fingers', 'pythonpath')
[0.803s] INFO:colcon.colcon_core.shell:Creating environment hook '/home/armlab/Documents/soft_manipulation/install/dynamixel_fingers/share/dynamixel_fingers/hook/pythonpath.ps1'
[0.803s] INFO:colcon.colcon_core.shell:Creating environment descriptor '/home/armlab/Documents/soft_manipulation/install/dynamixel_fingers/share/dynamixel_fingers/hook/pythonpath.dsv'
[0.803s] INFO:colcon.colcon_core.shell:Creating environment hook '/home/armlab/Documents/soft_manipulation/install/dynamixel_fingers/share/dynamixel_fingers/hook/pythonpath.sh'
[0.804s] Level 1:colcon.colcon_core.environment:checking '/home/armlab/Documents/soft_manipulation/install/dynamixel_fingers/bin'
[0.804s] Level 1:colcon.colcon_core.environment:create_environment_scripts_only(dynamixel_fingers)
[0.804s] INFO:colcon.colcon_core.shell:Creating package script '/home/armlab/Documents/soft_manipulation/install/dynamixel_fingers/share/dynamixel_fingers/package.ps1'
[0.804s] INFO:colcon.colcon_core.shell:Creating package descriptor '/home/armlab/Documents/soft_manipulation/install/dynamixel_fingers/share/dynamixel_fingers/package.dsv'
[0.804s] INFO:colcon.colcon_core.shell:Creating package script '/home/armlab/Documents/soft_manipulation/install/dynamixel_fingers/share/dynamixel_fingers/package.sh'
[0.805s] INFO:colcon.colcon_core.shell:Creating package script '/home/armlab/Documents/soft_manipulation/install/dynamixel_fingers/share/dynamixel_fingers/package.bash'
[0.805s] INFO:colcon.colcon_core.shell:Creating package script '/home/armlab/Documents/soft_manipulation/install/dynamixel_fingers/share/dynamixel_fingers/package.zsh'
[0.805s] Level 1:colcon.colcon_core.environment:create_file_with_runtime_dependencies(/home/armlab/Documents/soft_manipulation/install/dynamixel_fingers/share/colcon-core/packages/dynamixel_fingers)
[0.806s] Level 1:colcon.colcon_core.environment:checking '/home/armlab/Documents/soft_manipulation/install/vtnf_camera' for CMake module files
[0.806s] Level 1:colcon.colcon_core.environment:checking '/home/armlab/Documents/soft_manipulation/install/vtnf_camera' for CMake config files
[0.806s] DEBUG:colcon.colcon_core.event_handler.log_command:Invoked command in '/home/armlab/Documents/soft_manipulation/src/vtnf_camera' returned '0': PYTHONPATH=/home/armlab/Documents/soft_manipulation/build/vtnf_camera/prefix_override:/home/armlab/Documents/soft_manipulation/install/vtnf_camera/lib/python3.10/site-packages:${PYTHONPATH} /usr/bin/python3 -W ignore:setup.py install is deprecated setup.py egg_info --egg-base ../../build/vtnf_camera build --build-base /home/armlab/Documents/soft_manipulation/build/vtnf_camera/build install --record /home/armlab/Documents/soft_manipulation/build/vtnf_camera/install.log --single-version-externally-managed install_data
[0.806s] Level 1:colcon.colcon_core.environment:checking '/home/armlab/Documents/soft_manipulation/install/vtnf_camera/lib'
[0.806s] Level 1:colcon.colcon_core.environment:checking '/home/armlab/Documents/soft_manipulation/install/vtnf_camera/bin'
[0.806s] Level 1:colcon.colcon_core.environment:checking '/home/armlab/Documents/soft_manipulation/install/vtnf_camera/lib/pkgconfig/vtnf_camera.pc'
[0.807s] Level 1:colcon.colcon_core.environment:checking '/home/armlab/Documents/soft_manipulation/install/vtnf_camera/lib/python3.10/site-packages'
[0.807s] Level 1:colcon.colcon_core.shell:create_environment_hook('vtnf_camera', 'pythonpath')
[0.807s] INFO:colcon.colcon_core.shell:Creating environment hook '/home/armlab/Documents/soft_manipulation/install/vtnf_camera/share/vtnf_camera/hook/pythonpath.ps1'
[0.807s] INFO:colcon.colcon_core.shell:Creating environment descriptor '/home/armlab/Documents/soft_manipulation/install/vtnf_camera/share/vtnf_camera/hook/pythonpath.dsv'
[0.807s] INFO:colcon.colcon_core.shell:Creating environment hook '/home/armlab/Documents/soft_manipulation/install/vtnf_camera/share/vtnf_camera/hook/pythonpath.sh'
[0.807s] Level 1:colcon.colcon_core.environment:checking '/home/armlab/Documents/soft_manipulation/install/vtnf_camera/bin'
[0.807s] Level 1:colcon.colcon_core.environment:create_environment_scripts_only(vtnf_camera)
[0.807s] INFO:colcon.colcon_core.shell:Creating package script '/home/armlab/Documents/soft_manipulation/install/vtnf_camera/share/vtnf_camera/package.ps1'
[0.807s] INFO:colcon.colcon_core.shell:Creating package descriptor '/home/armlab/Documents/soft_manipulation/install/vtnf_camera/share/vtnf_camera/package.dsv'
[0.808s] INFO:colcon.colcon_core.shell:Creating package script '/home/armlab/Documents/soft_manipulation/install/vtnf_camera/share/vtnf_camera/package.sh'
[0.808s] INFO:colcon.colcon_core.shell:Creating package script '/home/armlab/Documents/soft_manipulation/install/vtnf_camera/share/vtnf_camera/package.bash'
[0.808s] INFO:colcon.colcon_core.shell:Creating package script '/home/armlab/Documents/soft_manipulation/install/vtnf_camera/share/vtnf_camera/package.zsh'
[0.808s] Level 1:colcon.colcon_core.environment:create_file_with_runtime_dependencies(/home/armlab/Documents/soft_manipulation/install/vtnf_camera/share/colcon-core/packages/vtnf_camera)
[0.808s] DEBUG:colcon.colcon_parallel_executor.executor.parallel:closing loop
[0.808s] DEBUG:colcon.colcon_parallel_executor.executor.parallel:loop closed
[0.808s] DEBUG:colcon.colcon_parallel_executor.executor.parallel:run_until_complete finished with '0'
[0.808s] DEBUG:colcon.colcon_core.event_reactor:joining thread
[0.811s] INFO:colcon.colcon_core.plugin_system:Skipping extension 'colcon_notification.desktop_notification.terminal_notifier': Not used on non-Darwin systems
[0.811s] INFO:colcon.colcon_core.plugin_system:Skipping extension 'colcon_notification.desktop_notification.win32': Not used on non-Windows systems
[0.811s] INFO:colcon.colcon_notification.desktop_notification:Sending desktop notification using 'notify2'
[0.822s] DEBUG:colcon.colcon_core.event_reactor:joined thread
[0.823s] INFO:colcon.colcon_core.shell:Creating prefix script '/home/armlab/Documents/soft_manipulation/install/local_setup.ps1'
[0.823s] INFO:colcon.colcon_core.shell:Creating prefix util module '/home/armlab/Documents/soft_manipulation/install/_local_setup_util_ps1.py'
[0.824s] INFO:colcon.colcon_core.shell:Creating prefix chain script '/home/armlab/Documents/soft_manipulation/install/setup.ps1'
[0.825s] INFO:colcon.colcon_core.shell:Creating prefix script '/home/armlab/Documents/soft_manipulation/install/local_setup.sh'
[0.826s] INFO:colcon.colcon_core.shell:Creating prefix util module '/home/armlab/Documents/soft_manipulation/install/_local_setup_util_sh.py'
[0.826s] INFO:colcon.colcon_core.shell:Creating prefix chain script '/home/armlab/Documents/soft_manipulation/install/setup.sh'
[0.828s] INFO:colcon.colcon_core.shell:Creating prefix script '/home/armlab/Documents/soft_manipulation/install/local_setup.bash'
[0.828s] INFO:colcon.colcon_core.shell:Creating prefix chain script '/home/armlab/Documents/soft_manipulation/install/setup.bash'
[0.830s] INFO:colcon.colcon_core.shell:Creating prefix script '/home/armlab/Documents/soft_manipulation/install/local_setup.zsh'
[0.830s] INFO:colcon.colcon_core.shell:Creating prefix chain script '/home/armlab/Documents/soft_manipulation/install/setup.zsh'
