[0.469s] Invoking command in '/home/armlab/Documents/soft_manipulation/src/dynamixel_fingers': PYTHONPATH=/home/armlab/Documents/soft_manipulation/build/dynamixel_fingers/prefix_override:/home/armlab/Documents/soft_manipulation/install/dynamixel_fingers/lib/python3.10/site-packages:${PYTHONPATH} /usr/bin/python3 -W ignore:setup.py install is deprecated setup.py egg_info --egg-base ../../build/dynamixel_fingers build --build-base /home/armlab/Documents/soft_manipulation/build/dynamixel_fingers/build install --record /home/armlab/Documents/soft_manipulation/build/dynamixel_fingers/install.log --single-version-externally-managed install_data
[0.587s] running egg_info
[0.587s] writing ../../build/dynamixel_fingers/dynamixel_fingers.egg-info/PKG-INFO
[0.587s] writing dependency_links to ../../build/dynamixel_fingers/dynamixel_fingers.egg-info/dependency_links.txt
[0.587s] writing entry points to ../../build/dynamixel_fingers/dynamixel_fingers.egg-info/entry_points.txt
[0.587s] writing requirements to ../../build/dynamixel_fingers/dynamixel_fingers.egg-info/requires.txt
[0.587s] writing top-level names to ../../build/dynamixel_fingers/dynamixel_fingers.egg-info/top_level.txt
[0.588s] reading manifest file '../../build/dynamixel_fingers/dynamixel_fingers.egg-info/SOURCES.txt'
[0.588s] adding license file 'LICENSE'
[0.589s] writing manifest file '../../build/dynamixel_fingers/dynamixel_fingers.egg-info/SOURCES.txt'
[0.589s] running build
[0.589s] running build_py
[0.589s] copying dynamixel_fingers/rubbing_motion.py -> /home/armlab/Documents/soft_manipulation/build/dynamixel_fingers/build/lib/dynamixel_fingers
[0.589s] running install
[0.589s] running install_lib
[0.590s] copying /home/armlab/Documents/soft_manipulation/build/dynamixel_fingers/build/lib/dynamixel_fingers/rubbing_motion.py -> /home/armlab/Documents/soft_manipulation/install/dynamixel_fingers/lib/python3.10/site-packages/dynamixel_fingers
[0.590s] byte-compiling /home/armlab/Documents/soft_manipulation/install/dynamixel_fingers/lib/python3.10/site-packages/dynamixel_fingers/rubbing_motion.py to rubbing_motion.cpython-310.pyc
[0.590s] running install_data
[0.591s] running install_egg_info
[0.591s] removing '/home/armlab/Documents/soft_manipulation/install/dynamixel_fingers/lib/python3.10/site-packages/dynamixel_fingers-0.0.0-py3.10.egg-info' (and everything under it)
[0.592s] Copying ../../build/dynamixel_fingers/dynamixel_fingers.egg-info to /home/armlab/Documents/soft_manipulation/install/dynamixel_fingers/lib/python3.10/site-packages/dynamixel_fingers-0.0.0-py3.10.egg-info
[0.592s] running install_scripts
[0.602s] Installing optical_flow_ros script to /home/armlab/Documents/soft_manipulation/install/dynamixel_fingers/lib/dynamixel_fingers
[0.602s] Installing rubbing_motion script to /home/armlab/Documents/soft_manipulation/install/dynamixel_fingers/lib/dynamixel_fingers
[0.602s] writing list of installed files to '/home/armlab/Documents/soft_manipulation/build/dynamixel_fingers/install.log'
[0.620s] Invoked command in '/home/armlab/Documents/soft_manipulation/src/dynamixel_fingers' returned '0': PYTHONPATH=/home/armlab/Documents/soft_manipulation/build/dynamixel_fingers/prefix_override:/home/armlab/Documents/soft_manipulation/install/dynamixel_fingers/lib/python3.10/site-packages:${PYTHONPATH} /usr/bin/python3 -W ignore:setup.py install is deprecated setup.py egg_info --egg-base ../../build/dynamixel_fingers build --build-base /home/armlab/Documents/soft_manipulation/build/dynamixel_fingers/build install --record /home/armlab/Documents/soft_manipulation/build/dynamixel_fingers/install.log --single-version-externally-managed install_data
