/home/armlab/Documents/soft_manipulation/install/vtnf_camera/lib/python3.10/site-packages/vtnf_camera/dtv2_cam_pub_old.py
/home/armlab/Documents/soft_manipulation/install/vtnf_camera/lib/python3.10/site-packages/vtnf_camera/dtv2_cam_pub.py
/home/armlab/Documents/soft_manipulation/install/vtnf_camera/lib/python3.10/site-packages/vtnf_camera/cam_pub.py
/home/armlab/Documents/soft_manipulation/install/vtnf_camera/lib/python3.10/site-packages/vtnf_camera/shutdown_node.py
/home/armlab/Documents/soft_manipulation/install/vtnf_camera/lib/python3.10/site-packages/vtnf_camera/openDTdataOpen3d.py
/home/armlab/Documents/soft_manipulation/install/vtnf_camera/lib/python3.10/site-packages/vtnf_camera/flag_monitor_node.py
/home/armlab/Documents/soft_manipulation/install/vtnf_camera/lib/python3.10/site-packages/vtnf_camera/capture.py
/home/armlab/Documents/soft_manipulation/install/vtnf_camera/lib/python3.10/site-packages/vtnf_camera/ptcloud_mapping.py
/home/armlab/Documents/soft_manipulation/install/vtnf_camera/lib/python3.10/site-packages/vtnf_camera/__init__.py
/home/armlab/Documents/soft_manipulation/install/vtnf_camera/lib/python3.10/site-packages/vtnf_camera/rosbag_manager.py
/home/armlab/Documents/soft_manipulation/install/vtnf_camera/lib/python3.10/site-packages/vtnf_camera/Img2Depth/__init__.py
/home/armlab/Documents/soft_manipulation/install/vtnf_camera/lib/python3.10/site-packages/vtnf_camera/Img2Depth/img2depthforce.py
/home/armlab/Documents/soft_manipulation/install/vtnf_camera/lib/python3.10/site-packages/vtnf_camera/utils/utils.py
/home/armlab/Documents/soft_manipulation/install/vtnf_camera/lib/python3.10/site-packages/vtnf_camera/utils/__init__.py
/home/armlab/Documents/soft_manipulation/install/vtnf_camera/lib/python3.10/site-packages/vtnf_camera/utils/read_write_model.py
/home/armlab/Documents/soft_manipulation/install/vtnf_camera/lib/python3.10/site-packages/vtnf_camera/Img2Depth/networks/swin_transformer_force.py
/home/armlab/Documents/soft_manipulation/install/vtnf_camera/lib/python3.10/site-packages/vtnf_camera/Img2Depth/networks/DenseNet_loss.py
/home/armlab/Documents/soft_manipulation/install/vtnf_camera/lib/python3.10/site-packages/vtnf_camera/Img2Depth/networks/DenseNet.py
/home/armlab/Documents/soft_manipulation/install/vtnf_camera/lib/python3.10/site-packages/vtnf_camera/Img2Depth/networks/newcrf_utils.py
/home/armlab/Documents/soft_manipulation/install/vtnf_camera/lib/python3.10/site-packages/vtnf_camera/Img2Depth/networks/STForce.py
/home/armlab/Documents/soft_manipulation/install/vtnf_camera/lib/python3.10/site-packages/vtnf_camera/Img2Depth/networks/__init__.py
/home/armlab/Documents/soft_manipulation/install/vtnf_camera/lib/python3.10/site-packages/vtnf_camera/__pycache__/dtv2_cam_pub_old.cpython-310.pyc
/home/armlab/Documents/soft_manipulation/install/vtnf_camera/lib/python3.10/site-packages/vtnf_camera/__pycache__/dtv2_cam_pub.cpython-310.pyc
/home/armlab/Documents/soft_manipulation/install/vtnf_camera/lib/python3.10/site-packages/vtnf_camera/__pycache__/cam_pub.cpython-310.pyc
/home/armlab/Documents/soft_manipulation/install/vtnf_camera/lib/python3.10/site-packages/vtnf_camera/__pycache__/shutdown_node.cpython-310.pyc
/home/armlab/Documents/soft_manipulation/install/vtnf_camera/lib/python3.10/site-packages/vtnf_camera/__pycache__/openDTdataOpen3d.cpython-310.pyc
/home/armlab/Documents/soft_manipulation/install/vtnf_camera/lib/python3.10/site-packages/vtnf_camera/__pycache__/flag_monitor_node.cpython-310.pyc
/home/armlab/Documents/soft_manipulation/install/vtnf_camera/lib/python3.10/site-packages/vtnf_camera/__pycache__/capture.cpython-310.pyc
/home/armlab/Documents/soft_manipulation/install/vtnf_camera/lib/python3.10/site-packages/vtnf_camera/__pycache__/ptcloud_mapping.cpython-310.pyc
/home/armlab/Documents/soft_manipulation/install/vtnf_camera/lib/python3.10/site-packages/vtnf_camera/__pycache__/__init__.cpython-310.pyc
/home/armlab/Documents/soft_manipulation/install/vtnf_camera/lib/python3.10/site-packages/vtnf_camera/__pycache__/rosbag_manager.cpython-310.pyc
/home/armlab/Documents/soft_manipulation/install/vtnf_camera/lib/python3.10/site-packages/vtnf_camera/Img2Depth/__pycache__/__init__.cpython-310.pyc
/home/armlab/Documents/soft_manipulation/install/vtnf_camera/lib/python3.10/site-packages/vtnf_camera/Img2Depth/__pycache__/img2depthforce.cpython-310.pyc
/home/armlab/Documents/soft_manipulation/install/vtnf_camera/lib/python3.10/site-packages/vtnf_camera/utils/__pycache__/utils.cpython-310.pyc
/home/armlab/Documents/soft_manipulation/install/vtnf_camera/lib/python3.10/site-packages/vtnf_camera/utils/__pycache__/__init__.cpython-310.pyc
/home/armlab/Documents/soft_manipulation/install/vtnf_camera/lib/python3.10/site-packages/vtnf_camera/utils/__pycache__/read_write_model.cpython-310.pyc
/home/armlab/Documents/soft_manipulation/install/vtnf_camera/lib/python3.10/site-packages/vtnf_camera/Img2Depth/networks/__pycache__/swin_transformer_force.cpython-310.pyc
/home/armlab/Documents/soft_manipulation/install/vtnf_camera/lib/python3.10/site-packages/vtnf_camera/Img2Depth/networks/__pycache__/DenseNet_loss.cpython-310.pyc
/home/armlab/Documents/soft_manipulation/install/vtnf_camera/lib/python3.10/site-packages/vtnf_camera/Img2Depth/networks/__pycache__/DenseNet.cpython-310.pyc
/home/armlab/Documents/soft_manipulation/install/vtnf_camera/lib/python3.10/site-packages/vtnf_camera/Img2Depth/networks/__pycache__/newcrf_utils.cpython-310.pyc
/home/armlab/Documents/soft_manipulation/install/vtnf_camera/lib/python3.10/site-packages/vtnf_camera/Img2Depth/networks/__pycache__/STForce.cpython-310.pyc
/home/armlab/Documents/soft_manipulation/install/vtnf_camera/lib/python3.10/site-packages/vtnf_camera/Img2Depth/networks/__pycache__/__init__.cpython-310.pyc
/home/armlab/Documents/soft_manipulation/install/vtnf_camera/share/ament_index/resource_index/packages/vtnf_camera
/home/armlab/Documents/soft_manipulation/install/vtnf_camera/share/vtnf_camera/package.xml
/home/armlab/Documents/soft_manipulation/install/vtnf_camera/share/vtnf_camera/launch/capture_launch.py
/home/armlab/Documents/soft_manipulation/install/vtnf_camera/share/vtnf_camera/launch/camera_launch.py
/home/armlab/Documents/soft_manipulation/install/vtnf_camera/share/vtnf_camera/launch/roll_test_launch.py
/home/armlab/Documents/soft_manipulation/install/vtnf_camera/share/vtnf_camera/launch/save_wrench_launch.py
/home/armlab/Documents/soft_manipulation/install/vtnf_camera/share/vtnf_camera/msg
/home/armlab/Documents/soft_manipulation/install/vtnf_camera/lib/python3.10/site-packages/vtnf_camera-0.0.0-py3.10.egg-info/requires.txt
/home/armlab/Documents/soft_manipulation/install/vtnf_camera/lib/python3.10/site-packages/vtnf_camera-0.0.0-py3.10.egg-info/zip-safe
/home/armlab/Documents/soft_manipulation/install/vtnf_camera/lib/python3.10/site-packages/vtnf_camera-0.0.0-py3.10.egg-info/PKG-INFO
/home/armlab/Documents/soft_manipulation/install/vtnf_camera/lib/python3.10/site-packages/vtnf_camera-0.0.0-py3.10.egg-info/SOURCES.txt
/home/armlab/Documents/soft_manipulation/install/vtnf_camera/lib/python3.10/site-packages/vtnf_camera-0.0.0-py3.10.egg-info/dependency_links.txt
/home/armlab/Documents/soft_manipulation/install/vtnf_camera/lib/python3.10/site-packages/vtnf_camera-0.0.0-py3.10.egg-info/entry_points.txt
/home/armlab/Documents/soft_manipulation/install/vtnf_camera/lib/python3.10/site-packages/vtnf_camera-0.0.0-py3.10.egg-info/top_level.txt
/home/armlab/Documents/soft_manipulation/install/vtnf_camera/lib/vtnf_camera/cam_pub
/home/armlab/Documents/soft_manipulation/install/vtnf_camera/lib/vtnf_camera/capture
/home/armlab/Documents/soft_manipulation/install/vtnf_camera/lib/vtnf_camera/dtv2_cam_pub
/home/armlab/Documents/soft_manipulation/install/vtnf_camera/lib/vtnf_camera/flag_monitor_node
