[0.444s] Invoking command in '/home/armlab/Documents/soft_manipulation/src/vtnf_camera': PYTHONPATH=/home/armlab/Documents/soft_manipulation/build/vtnf_camera/prefix_override:/home/armlab/Documents/soft_manipulation/install/vtnf_camera/lib/python3.10/site-packages:${PYTHONPATH} /usr/bin/python3 -W ignore:setup.py install is deprecated setup.py egg_info --egg-base ../../build/vtnf_camera build --build-base /home/armlab/Documents/soft_manipulation/build/vtnf_camera/build install --record /home/armlab/Documents/soft_manipulation/build/vtnf_camera/install.log --single-version-externally-managed install_data
[0.561s] running egg_info
[0.561s] writing ../../build/vtnf_camera/vtnf_camera.egg-info/PKG-INFO
[0.561s] writing dependency_links to ../../build/vtnf_camera/vtnf_camera.egg-info/dependency_links.txt
[0.561s] writing entry points to ../../build/vtnf_camera/vtnf_camera.egg-info/entry_points.txt
[0.561s] writing requirements to ../../build/vtnf_camera/vtnf_camera.egg-info/requires.txt
[0.561s] writing top-level names to ../../build/vtnf_camera/vtnf_camera.egg-info/top_level.txt
[0.562s] reading manifest file '../../build/vtnf_camera/vtnf_camera.egg-info/SOURCES.txt'
[0.563s] writing manifest file '../../build/vtnf_camera/vtnf_camera.egg-info/SOURCES.txt'
[0.563s] running build
[0.563s] running build_py
[0.563s] copying vtnf_camera/dtv2_cam_pub.py -> /home/armlab/Documents/soft_manipulation/build/vtnf_camera/build/lib/vtnf_camera
[0.563s] copying vtnf_camera/rosbag_manager.py -> /home/armlab/Documents/soft_manipulation/build/vtnf_camera/build/lib/vtnf_camera
[0.564s] running install
[0.564s] running install_lib
[0.564s] copying /home/armlab/Documents/soft_manipulation/build/vtnf_camera/build/lib/vtnf_camera/dtv2_cam_pub.py -> /home/armlab/Documents/soft_manipulation/install/vtnf_camera/lib/python3.10/site-packages/vtnf_camera
[0.564s] copying /home/armlab/Documents/soft_manipulation/build/vtnf_camera/build/lib/vtnf_camera/rosbag_manager.py -> /home/armlab/Documents/soft_manipulation/install/vtnf_camera/lib/python3.10/site-packages/vtnf_camera
[0.565s] byte-compiling /home/armlab/Documents/soft_manipulation/install/vtnf_camera/lib/python3.10/site-packages/vtnf_camera/dtv2_cam_pub.py to dtv2_cam_pub.cpython-310.pyc
[0.566s] byte-compiling /home/armlab/Documents/soft_manipulation/install/vtnf_camera/lib/python3.10/site-packages/vtnf_camera/rosbag_manager.py to rosbag_manager.cpython-310.pyc
[0.566s] running install_data
[0.566s] running install_egg_info
[0.567s] removing '/home/armlab/Documents/soft_manipulation/install/vtnf_camera/lib/python3.10/site-packages/vtnf_camera-0.0.0-py3.10.egg-info' (and everything under it)
[0.567s] Copying ../../build/vtnf_camera/vtnf_camera.egg-info to /home/armlab/Documents/soft_manipulation/install/vtnf_camera/lib/python3.10/site-packages/vtnf_camera-0.0.0-py3.10.egg-info
[0.568s] running install_scripts
[0.578s] Installing cam_pub script to /home/armlab/Documents/soft_manipulation/install/vtnf_camera/lib/vtnf_camera
[0.578s] Installing capture script to /home/armlab/Documents/soft_manipulation/install/vtnf_camera/lib/vtnf_camera
[0.578s] Installing dtv2_cam_pub script to /home/armlab/Documents/soft_manipulation/install/vtnf_camera/lib/vtnf_camera
[0.578s] Installing flag_monitor_node script to /home/armlab/Documents/soft_manipulation/install/vtnf_camera/lib/vtnf_camera
[0.578s] writing list of installed files to '/home/armlab/Documents/soft_manipulation/build/vtnf_camera/install.log'
[0.593s] Invoked command in '/home/armlab/Documents/soft_manipulation/src/vtnf_camera' returned '0': PYTHONPATH=/home/armlab/Documents/soft_manipulation/build/vtnf_camera/prefix_override:/home/armlab/Documents/soft_manipulation/install/vtnf_camera/lib/python3.10/site-packages:${PYTHONPATH} /usr/bin/python3 -W ignore:setup.py install is deprecated setup.py egg_info --egg-base ../../build/vtnf_camera build --build-base /home/armlab/Documents/soft_manipulation/build/vtnf_camera/build install --record /home/armlab/Documents/soft_manipulation/build/vtnf_camera/install.log --single-version-externally-managed install_data
