running egg_info
writing ../../build/vtnf_camera/vtnf_camera.egg-info/PKG-INFO
writing dependency_links to ../../build/vtnf_camera/vtnf_camera.egg-info/dependency_links.txt
writing entry points to ../../build/vtnf_camera/vtnf_camera.egg-info/entry_points.txt
writing requirements to ../../build/vtnf_camera/vtnf_camera.egg-info/requires.txt
writing top-level names to ../../build/vtnf_camera/vtnf_camera.egg-info/top_level.txt
reading manifest file '../../build/vtnf_camera/vtnf_camera.egg-info/SOURCES.txt'
writing manifest file '../../build/vtnf_camera/vtnf_camera.egg-info/SOURCES.txt'
running build
running build_py
copying vtnf_camera/dtv2_cam_pub.py -> /home/armlab/Documents/soft_manipulation/build/vtnf_camera/build/lib/vtnf_camera
running install
running install_lib
copying /home/armlab/Documents/soft_manipulation/build/vtnf_camera/build/lib/vtnf_camera/dtv2_cam_pub.py -> /home/armlab/Documents/soft_manipulation/install/vtnf_camera/lib/python3.10/site-packages/vtnf_camera
byte-compiling /home/armlab/Documents/soft_manipulation/install/vtnf_camera/lib/python3.10/site-packages/vtnf_camera/dtv2_cam_pub.py to dtv2_cam_pub.cpython-310.pyc
running install_data
running install_egg_info
removing '/home/armlab/Documents/soft_manipulation/install/vtnf_camera/lib/python3.10/site-packages/vtnf_camera-0.0.0-py3.10.egg-info' (and everything under it)
Copying ../../build/vtnf_camera/vtnf_camera.egg-info to /home/armlab/Documents/soft_manipulation/install/vtnf_camera/lib/python3.10/site-packages/vtnf_camera-0.0.0-py3.10.egg-info
running install_scripts
Installing cam_pub script to /home/armlab/Documents/soft_manipulation/install/vtnf_camera/lib/vtnf_camera
Installing capture script to /home/armlab/Documents/soft_manipulation/install/vtnf_camera/lib/vtnf_camera
Installing dtv2_cam_pub script to /home/armlab/Documents/soft_manipulation/install/vtnf_camera/lib/vtnf_camera
Installing flag_monitor_node script to /home/armlab/Documents/soft_manipulation/install/vtnf_camera/lib/vtnf_camera
writing list of installed files to '/home/armlab/Documents/soft_manipulation/build/vtnf_camera/install.log'
