[0.491s] Invoking command in '/home/armlab/Documents/soft_manipulation/src/vtnf_camera': PYTHONPATH=/home/armlab/Documents/soft_manipulation/build/vtnf_camera/prefix_override:/home/armlab/Documents/soft_manipulation/install/vtnf_camera/lib/python3.10/site-packages:${PYTHONPATH} /usr/bin/python3 -W ignore:setup.py install is deprecated setup.py egg_info --egg-base ../../build/vtnf_camera build --build-base /home/armlab/Documents/soft_manipulation/build/vtnf_camera/build install --record /home/armlab/Documents/soft_manipulation/build/vtnf_camera/install.log --single-version-externally-managed install_data
[0.615s] running egg_info
[0.615s] writing ../../build/vtnf_camera/vtnf_camera.egg-info/PKG-INFO
[0.615s] writing dependency_links to ../../build/vtnf_camera/vtnf_camera.egg-info/dependency_links.txt
[0.615s] writing entry points to ../../build/vtnf_camera/vtnf_camera.egg-info/entry_points.txt
[0.615s] writing requirements to ../../build/vtnf_camera/vtnf_camera.egg-info/requires.txt
[0.616s] writing top-level names to ../../build/vtnf_camera/vtnf_camera.egg-info/top_level.txt
[0.617s] reading manifest file '../../build/vtnf_camera/vtnf_camera.egg-info/SOURCES.txt'
[0.617s] writing manifest file '../../build/vtnf_camera/vtnf_camera.egg-info/SOURCES.txt'
[0.617s] running build
[0.617s] running build_py
[0.618s] running install
[0.618s] running install_lib
[0.619s] running install_data
[0.619s] running install_egg_info
[0.620s] removing '/home/armlab/Documents/soft_manipulation/install/vtnf_camera/lib/python3.10/site-packages/vtnf_camera-0.0.0-py3.10.egg-info' (and everything under it)
[0.620s] Copying ../../build/vtnf_camera/vtnf_camera.egg-info to /home/armlab/Documents/soft_manipulation/install/vtnf_camera/lib/python3.10/site-packages/vtnf_camera-0.0.0-py3.10.egg-info
[0.620s] running install_scripts
[0.631s] Installing cam_pub script to /home/armlab/Documents/soft_manipulation/install/vtnf_camera/lib/vtnf_camera
[0.631s] Installing capture script to /home/armlab/Documents/soft_manipulation/install/vtnf_camera/lib/vtnf_camera
[0.631s] Installing dtv2_cam_pub script to /home/armlab/Documents/soft_manipulation/install/vtnf_camera/lib/vtnf_camera
[0.631s] Installing flag_monitor_node script to /home/armlab/Documents/soft_manipulation/install/vtnf_camera/lib/vtnf_camera
[0.632s] writing list of installed files to '/home/armlab/Documents/soft_manipulation/build/vtnf_camera/install.log'
[0.646s] Invoked command in '/home/armlab/Documents/soft_manipulation/src/vtnf_camera' returned '0': PYTHONPATH=/home/armlab/Documents/soft_manipulation/build/vtnf_camera/prefix_override:/home/armlab/Documents/soft_manipulation/install/vtnf_camera/lib/python3.10/site-packages:${PYTHONPATH} /usr/bin/python3 -W ignore:setup.py install is deprecated setup.py egg_info --egg-base ../../build/vtnf_camera build --build-base /home/armlab/Documents/soft_manipulation/build/vtnf_camera/build install --record /home/armlab/Documents/soft_manipulation/build/vtnf_camera/install.log --single-version-externally-managed install_data
