/home/armlab/Documents/soft_manipulation/install/dynamixel_fingers/lib/python3.10/site-packages/dynamixel_fingers/plot_quiver.py
/home/armlab/Documents/soft_manipulation/install/dynamixel_fingers/lib/python3.10/site-packages/dynamixel_fingers/save_wrench_data.py
/home/armlab/Documents/soft_manipulation/install/dynamixel_fingers/lib/python3.10/site-packages/dynamixel_fingers/optical_flow_ros.py
/home/armlab/Documents/soft_manipulation/install/dynamixel_fingers/lib/python3.10/site-packages/dynamixel_fingers/plot_quiver_arrows.py
/home/armlab/Documents/soft_manipulation/install/dynamixel_fingers/lib/python3.10/site-packages/dynamixel_fingers/optical_flow_without_ros.py
/home/armlab/Documents/soft_manipulation/install/dynamixel_fingers/lib/python3.10/site-packages/dynamixel_fingers/optical_flow_without_ros_postprocess.py
/home/armlab/Documents/soft_manipulation/install/dynamixel_fingers/lib/python3.10/site-packages/dynamixel_fingers/run_optical_flow_cams.py
/home/armlab/Documents/soft_manipulation/install/dynamixel_fingers/lib/python3.10/site-packages/dynamixel_fingers/list_cameras.py
/home/armlab/Documents/soft_manipulation/install/dynamixel_fingers/lib/python3.10/site-packages/dynamixel_fingers/rubbing_motion.py
/home/armlab/Documents/soft_manipulation/install/dynamixel_fingers/lib/python3.10/site-packages/dynamixel_fingers/depth_vid_saver.py
/home/armlab/Documents/soft_manipulation/install/dynamixel_fingers/lib/python3.10/site-packages/dynamixel_fingers/dynamixel_client.py
/home/armlab/Documents/soft_manipulation/install/dynamixel_fingers/lib/python3.10/site-packages/dynamixel_fingers/__init__.py
/home/armlab/Documents/soft_manipulation/install/dynamixel_fingers/lib/python3.10/site-packages/dynamixel_fingers/__pycache__/plot_quiver.cpython-310.pyc
/home/armlab/Documents/soft_manipulation/install/dynamixel_fingers/lib/python3.10/site-packages/dynamixel_fingers/__pycache__/save_wrench_data.cpython-310.pyc
/home/armlab/Documents/soft_manipulation/install/dynamixel_fingers/lib/python3.10/site-packages/dynamixel_fingers/__pycache__/optical_flow_ros.cpython-310.pyc
/home/armlab/Documents/soft_manipulation/install/dynamixel_fingers/lib/python3.10/site-packages/dynamixel_fingers/__pycache__/plot_quiver_arrows.cpython-310.pyc
/home/armlab/Documents/soft_manipulation/install/dynamixel_fingers/lib/python3.10/site-packages/dynamixel_fingers/__pycache__/optical_flow_without_ros.cpython-310.pyc
/home/armlab/Documents/soft_manipulation/install/dynamixel_fingers/lib/python3.10/site-packages/dynamixel_fingers/__pycache__/optical_flow_without_ros_postprocess.cpython-310.pyc
/home/armlab/Documents/soft_manipulation/install/dynamixel_fingers/lib/python3.10/site-packages/dynamixel_fingers/__pycache__/run_optical_flow_cams.cpython-310.pyc
/home/armlab/Documents/soft_manipulation/install/dynamixel_fingers/lib/python3.10/site-packages/dynamixel_fingers/__pycache__/list_cameras.cpython-310.pyc
/home/armlab/Documents/soft_manipulation/install/dynamixel_fingers/lib/python3.10/site-packages/dynamixel_fingers/__pycache__/rubbing_motion.cpython-310.pyc
/home/armlab/Documents/soft_manipulation/install/dynamixel_fingers/lib/python3.10/site-packages/dynamixel_fingers/__pycache__/depth_vid_saver.cpython-310.pyc
/home/armlab/Documents/soft_manipulation/install/dynamixel_fingers/lib/python3.10/site-packages/dynamixel_fingers/__pycache__/dynamixel_client.cpython-310.pyc
/home/armlab/Documents/soft_manipulation/install/dynamixel_fingers/lib/python3.10/site-packages/dynamixel_fingers/__pycache__/__init__.cpython-310.pyc
/home/armlab/Documents/soft_manipulation/install/dynamixel_fingers/share/ament_index/resource_index/packages/dynamixel_fingers
/home/armlab/Documents/soft_manipulation/install/dynamixel_fingers/share/dynamixel_fingers/package.xml
/home/armlab/Documents/soft_manipulation/install/dynamixel_fingers/share/dynamixel_fingers/launch/cams_launch.py
/home/armlab/Documents/soft_manipulation/install/dynamixel_fingers/share/dynamixel_fingers/msg
/home/armlab/Documents/soft_manipulation/install/dynamixel_fingers/lib/python3.10/site-packages/dynamixel_fingers-0.0.0-py3.10.egg-info/requires.txt
/home/armlab/Documents/soft_manipulation/install/dynamixel_fingers/lib/python3.10/site-packages/dynamixel_fingers-0.0.0-py3.10.egg-info/zip-safe
/home/armlab/Documents/soft_manipulation/install/dynamixel_fingers/lib/python3.10/site-packages/dynamixel_fingers-0.0.0-py3.10.egg-info/PKG-INFO
/home/armlab/Documents/soft_manipulation/install/dynamixel_fingers/lib/python3.10/site-packages/dynamixel_fingers-0.0.0-py3.10.egg-info/SOURCES.txt
/home/armlab/Documents/soft_manipulation/install/dynamixel_fingers/lib/python3.10/site-packages/dynamixel_fingers-0.0.0-py3.10.egg-info/dependency_links.txt
/home/armlab/Documents/soft_manipulation/install/dynamixel_fingers/lib/python3.10/site-packages/dynamixel_fingers-0.0.0-py3.10.egg-info/entry_points.txt
/home/armlab/Documents/soft_manipulation/install/dynamixel_fingers/lib/python3.10/site-packages/dynamixel_fingers-0.0.0-py3.10.egg-info/top_level.txt
/home/armlab/Documents/soft_manipulation/install/dynamixel_fingers/lib/dynamixel_fingers/depth_vid_saver
/home/armlab/Documents/soft_manipulation/install/dynamixel_fingers/lib/dynamixel_fingers/optical_flow_ros
/home/armlab/Documents/soft_manipulation/install/dynamixel_fingers/lib/dynamixel_fingers/rubbing_motion
/home/armlab/Documents/soft_manipulation/install/dynamixel_fingers/lib/dynamixel_fingers/save_wrench_data
